<?xml version="1.0" encoding="UTF-8"?>
<!-- Generated by org.testng.reporters.JUnitXMLReporter -->
<testsuite ignored="2" hostname="IQUAD-PC" failures="0" tests="4" name="Test" time="167.741" errors="0" timestamp="2024-12-26T18:26:34 IST">
  <testcase classname="com.crm.testscripts.LeadsModule" name="createLead" time="16.617"/>
  <testcase classname="com.crm.testscripts.LeadsModule" name="deleteLead" time="8.198"/>
  <testcase classname="com.crm.testscripts.CampaignModule" name="createCampaign" time="62.991"/>
  <testcase classname="com.crm.testscripts.CampaignModule" name="deleteCampaign" time="15.337"/>
  <testcase classname="com.crm.generic.BaseClass" name="@AfterTest closeBrowser" time="0.0">
    <ignored/>
  </testcase> <!-- @AfterTest closeBrowser -->
  <testcase classname="com.crm.generic.BaseClass" name="@BeforeTest openBrowser" time="0.0">
    <ignored/>
  </testcase> <!-- @BeforeTest openBrowser -->
</testsuite> <!-- Test -->
