<?xml version="1.0" encoding="UTF-8"?>
<testng-results ignored="0" total="2" passed="2" failed="0" skipped="0">
  <reporter-output>
    <line>
      <![CDATA[open browser]]>
    </line>
    <line>
      <![CDATA[login]]>
    </line>
    <line>
      <![CDATA[createLead is started]]>
    </line>
    <line>
      <![CDATA[Lead created]]>
    </line>
    <line>
      <![CDATA[createLead is passed]]>
    </line>
    <line>
      <![CDATA[logout]]>
    </line>
    <line>
      <![CDATA[login]]>
    </line>
    <line>
      <![CDATA[deleteLead is started]]>
    </line>
    <line>
      <![CDATA[Lead deleted]]>
    </line>
    <line>
      <![CDATA[deleteLead is passed]]>
    </line>
    <line>
      <![CDATA[logout]]>
    </line>
    <line>
      <![CDATA[close browser]]>
    </line>
  </reporter-output>
  <suite started-at="2024-12-29T20:03:31 IST" name="Default suite" finished-at="2024-12-29T20:04:55 IST" duration-ms="83407">
    <groups>
    </groups>
    <test started-at="2024-12-29T20:03:31 IST" name="Default test" finished-at="2024-12-29T20:04:55 IST" duration-ms="83407">
      <class name="com.crm.testscripts.LeadsModule">
        <test-method is-config="true" signature="openBrowser()[pri:0, instance:com.crm.testscripts.LeadsModule@7c7a06ec]" started-at="2024-12-29T20:03:31 IST" name="openBrowser" finished-at="2024-12-29T20:03:37 IST" duration-ms="6091" status="PASS">
          <reporter-output>
            <line>
              <![CDATA[open browser]]>
            </line>
          </reporter-output>
        </test-method> <!-- openBrowser -->
        <test-method is-config="true" signature="login()[pri:0, instance:com.crm.testscripts.LeadsModule@7c7a06ec]" started-at="2024-12-29T20:03:38 IST" name="login" finished-at="2024-12-29T20:03:47 IST" duration-ms="9253" status="PASS">
          <reporter-output>
            <line>
              <![CDATA[login]]>
            </line>
          </reporter-output>
        </test-method> <!-- login -->
        <test-method signature="createLead()[pri:0, instance:com.crm.testscripts.LeadsModule@7c7a06ec]" started-at="2024-12-29T20:03:47 IST" name="createLead" finished-at="2024-12-29T20:04:02 IST" duration-ms="15640" status="PASS">
          <reporter-output>
            <line>
              <![CDATA[createLead is started]]>
            </line>
            <line>
              <![CDATA[Lead created]]>
            </line>
            <line>
              <![CDATA[createLead is passed]]>
            </line>
          </reporter-output>
        </test-method> <!-- createLead -->
        <test-method is-config="true" signature="logout()[pri:0, instance:com.crm.testscripts.LeadsModule@7c7a06ec]" started-at="2024-12-29T20:04:02 IST" name="logout" finished-at="2024-12-29T20:04:08 IST" duration-ms="5363" status="PASS">
          <reporter-output>
            <line>
              <![CDATA[logout]]>
            </line>
          </reporter-output>
        </test-method> <!-- logout -->
        <test-method is-config="true" signature="login()[pri:0, instance:com.crm.testscripts.LeadsModule@7c7a06ec]" started-at="2024-12-29T20:04:08 IST" name="login" finished-at="2024-12-29T20:04:21 IST" duration-ms="12803" status="PASS">
          <reporter-output>
            <line>
              <![CDATA[login]]>
            </line>
          </reporter-output>
        </test-method> <!-- login -->
        <test-method signature="deleteLead()[pri:0, instance:com.crm.testscripts.LeadsModule@7c7a06ec]" started-at="2024-12-29T20:04:21 IST" name="deleteLead" finished-at="2024-12-29T20:04:45 IST" duration-ms="23960" status="PASS">
          <reporter-output>
            <line>
              <![CDATA[deleteLead is started]]>
            </line>
            <line>
              <![CDATA[Lead deleted]]>
            </line>
            <line>
              <![CDATA[deleteLead is passed]]>
            </line>
          </reporter-output>
        </test-method> <!-- deleteLead -->
        <test-method is-config="true" signature="logout()[pri:0, instance:com.crm.testscripts.LeadsModule@7c7a06ec]" started-at="2024-12-29T20:04:45 IST" name="logout" finished-at="2024-12-29T20:04:51 IST" duration-ms="6401" status="PASS">
          <reporter-output>
            <line>
              <![CDATA[logout]]>
            </line>
          </reporter-output>
        </test-method> <!-- logout -->
        <test-method is-config="true" signature="closeBrowser()[pri:0, instance:com.crm.testscripts.LeadsModule@7c7a06ec]" started-at="2024-12-29T20:04:51 IST" name="closeBrowser" finished-at="2024-12-29T20:04:55 IST" duration-ms="3768" status="PASS">
          <reporter-output>
            <line>
              <![CDATA[close browser]]>
            </line>
          </reporter-output>
        </test-method> <!-- closeBrowser -->
      </class> <!-- com.crm.testscripts.LeadsModule -->
    </test> <!-- Default test -->
  </suite> <!-- Default suite -->
</testng-results>
