<?xml version="1.0" encoding="UTF-8"?>
<testng-results ignored="0" total="1" passed="1" failed="0" skipped="0">
  <reporter-output>
    <line>
      <![CDATA[Google]]>
    </line>
  </reporter-output>
  <suite started-at="2024-12-26T09:15:38 IST" name="Suite" finished-at="2024-12-26T09:16:06 IST" duration-ms="27917">
    <groups>
    </groups>
    <test started-at="2024-12-26T09:15:38 IST" name="Test" finished-at="2024-12-26T09:16:06 IST" duration-ms="27917">
      <class name="com.crm.testscripts.CampaignModule">
        <test-method signature="createCampaign()[pri:0, instance:com.crm.testscripts.CampaignModule@293a5bf6]" started-at="2024-12-26T09:15:38 IST" name="createCampaign" finished-at="2024-12-26T09:16:06 IST" duration-ms="27797" status="PASS">
          <reporter-output>
            <line>
              <![CDATA[Google]]>
            </line>
          </reporter-output>
        </test-method> <!-- createCampaign -->
      </class> <!-- com.crm.testscripts.CampaignModule -->
    </test> <!-- Test -->
  </suite> <!-- Suite -->
</testng-results>
